TN:
SF:src/BeHYPE.sol
DA:18,45
FN:18,BeHYPE.constructor
FNDA:45,BeHYPE.constructor
DA:19,45
DA:22,44
FN:22,BeHYPE.initialize
FNDA:44,BeHYPE.initialize
DA:28,43
DA:29,43
DA:30,43
DA:32,43
DA:33,43
DA:34,43
DA:39,45
FN:39,BeHYPE.mint
FNDA:45,BeHYPE.mint
DA:40,45
BRDA:40,0,0,1
DA:41,44
DA:44,13
FN:44,BeHYPE.burn
FNDA:13,BeHYPE.burn
DA:45,13
BRDA:45,1,0,1
DA:46,12
DA:49,43
FN:49,BeHYPE.setStakingCore
FNDA:43,BeHYPE.setStakingCore
DA:50,43
DA:51,43
DA:53,43
DA:56,43
FN:56,BeHYPE.setWithdrawManager
FNDA:43,BeHYPE.setWithdrawManager
DA:57,43
DA:58,43
DA:60,43
DA:63,2
FN:63,BeHYPE._authorizeUpgrade
FNDA:2,BeHYPE._authorizeUpgrade
DA:66,2
FNF:7
FNH:7
LF:25
LH:25
BRF:2
BRH:2
end_of_record
TN:
SF:src/RoleRegistry.sol
DA:27,109
FN:27,RoleRegistry.MAX_ROLE
FNDA:109,RoleRegistry.MAX_ROLE
DA:28,109
DA:32,45
FN:32,RoleRegistry.constructor
FNDA:45,RoleRegistry.constructor
DA:33,45
DA:36,44
FN:36,RoleRegistry.initialize
FNDA:44,RoleRegistry.initialize
DA:37,43
DA:38,43
DA:39,43
DA:41,43
DA:42,43
DA:43,43
DA:50,0
FN:50,RoleRegistry.checkRoles
FNDA:0,RoleRegistry.checkRoles
DA:51,0
BRDA:51,0,0,-
DA:58,32
FN:58,RoleRegistry.hasRole
FNDA:32,RoleRegistry.hasRole
DA:59,128
DA:66,110
FN:66,RoleRegistry.grantRole
FNDA:110,RoleRegistry.grantRole
DA:67,110
DA:74,0
FN:74,RoleRegistry.revokeRole
FNDA:0,RoleRegistry.revokeRole
DA:75,0
DA:82,0
FN:82,RoleRegistry.roleHolders
FNDA:0,RoleRegistry.roleHolders
DA:83,0
DA:88,2
FN:88,RoleRegistry.setProtocolTreasury
FNDA:2,RoleRegistry.setProtocolTreasury
DA:89,2
BRDA:89,1,0,1
DA:91,1
DA:92,1
DA:95,43
FN:95,RoleRegistry.setWithdrawManager
FNDA:43,RoleRegistry.setWithdrawManager
DA:96,43
BRDA:96,2,0,-
DA:98,43
DA:99,43
DA:102,43
FN:102,RoleRegistry.setStakingCore
FNDA:43,RoleRegistry.setStakingCore
DA:103,43
BRDA:103,3,0,-
DA:105,43
DA:106,43
DA:109,5
FN:109,RoleRegistry.pauseProtocol
FNDA:5,RoleRegistry.pauseProtocol
DA:110,5
BRDA:110,4,0,1
DA:112,4
DA:113,4
DA:114,4
DA:117,3
FN:117,RoleRegistry.unpauseProtocol
FNDA:3,RoleRegistry.unpauseProtocol
DA:118,3
BRDA:118,5,0,1
DA:120,2
DA:121,2
DA:122,2
DA:125,135
FN:125,RoleRegistry.onlyProtocolUpgrader
FNDA:135,RoleRegistry.onlyProtocolUpgrader
DA:126,135
BRDA:126,6,0,3
DA:129,0
FN:129,RoleRegistry.__revertEnumerableRolesUnauthorized
FNDA:0,RoleRegistry.__revertEnumerableRolesUnauthorized
DA:132,0
DA:133,0
DA:137,2
FN:137,RoleRegistry._authorizeUpgrade
FNDA:2,RoleRegistry._authorizeUpgrade
FNF:16
FNH:12
LF:49
LH:40
BRF:7
BRH:4
end_of_record
TN:
SF:src/StakingCore.sol
DA:37,45
FN:37,StakingCore.constructor
FNDA:45,StakingCore.constructor
DA:38,45
DA:41,44
FN:41,StakingCore.initialize
FNDA:44,StakingCore.initialize
DA:48,43
DA:50,43
DA:51,43
DA:52,43
DA:53,43
DA:54,43
DA:56,43
DA:57,43
DA:62,38
FN:62,StakingCore.stake
FNDA:38,StakingCore.stake
DA:63,38
BRDA:63,0,0,2
DA:65,36
DA:67,36
DA:72,15
FN:72,StakingCore.updateExchangeRatio
FNDA:15,StakingCore.updateExchangeRatio
DA:73,15
BRDA:73,1,0,-
DA:75,15
DA:77,15
DA:79,15
DA:80,15
BRDA:80,2,0,7
BRDA:80,2,1,8
DA:81,7
DA:83,8
DA:86,15
DA:88,15
BRDA:88,3,0,-
DA:90,15
DA:91,15
DA:92,15
DA:94,15
DA:96,15
BRDA:96,4,0,15
DA:97,15
BRDA:97,5,0,2
DA:100,13
DA:101,13
DA:102,13
DA:104,13
DA:107,27
FN:107,StakingCore.sendFromWithdrawManager
FNDA:27,StakingCore.sendFromWithdrawManager
DA:108,27
BRDA:108,6,0,-
DA:110,27
DA:111,27
BRDA:111,7,0,1
DA:114,43
FN:114,StakingCore.setWithdrawManager
FNDA:43,StakingCore.setWithdrawManager
DA:115,43
DA:116,43
DA:118,43
DA:121,0
FN:121,StakingCore.updateAcceptableApr
FNDA:0,StakingCore.updateAcceptableApr
DA:122,0
BRDA:122,8,0,-
DA:123,0
DA:124,0
DA:125,0
DA:128,0
FN:128,StakingCore.updateExchangeRateGuard
FNDA:0,StakingCore.updateExchangeRateGuard
DA:129,0
BRDA:129,9,0,-
DA:130,0
DA:131,0
DA:132,0
DA:135,3
FN:135,StakingCore.depositToHyperCore
FNDA:3,StakingCore.depositToHyperCore
DA:136,3
BRDA:136,10,0,-
DA:138,3
DA:139,3
BRDA:139,11,0,-
DA:140,3
DA:143,2
FN:143,StakingCore.withdrawFromHyperCore
FNDA:2,StakingCore.withdrawFromHyperCore
DA:144,2
BRDA:144,12,0,-
DA:145,2
BRDA:145,13,0,1
DA:147,1
DA:148,1
DA:151,0
FN:151,StakingCore.depositToStaking
FNDA:0,StakingCore.depositToStaking
DA:152,0
BRDA:152,14,0,-
DA:154,0
DA:155,0
DA:158,2
FN:158,StakingCore.withdrawFromStaking
FNDA:2,StakingCore.withdrawFromStaking
DA:159,2
BRDA:159,15,0,-
DA:160,2
BRDA:160,16,0,1
DA:162,1
DA:163,1
DA:166,0
FN:166,StakingCore.delegateTokens
FNDA:0,StakingCore.delegateTokens
DA:167,0
BRDA:167,17,0,-
DA:169,0
DA:170,0
DA:173,4
FN:173,StakingCore.pauseStaking
FNDA:4,StakingCore.pauseStaking
DA:174,4
BRDA:174,18,0,-
DA:175,4
DA:178,2
FN:178,StakingCore.unpauseStaking
FNDA:2,StakingCore.unpauseStaking
DA:179,2
BRDA:179,19,0,-
DA:180,2
DA:185,46
FN:185,StakingCore.BeHYPEToHYPE
FNDA:46,StakingCore.BeHYPEToHYPE
DA:186,46
DA:189,12
FN:189,StakingCore.HYPEToBeHYPE
FNDA:12,StakingCore.HYPEToBeHYPE
DA:190,48
DA:193,23
FN:193,StakingCore.getTotalProtocolHype
FNDA:23,StakingCore.getTotalProtocolHype
DA:194,38
DA:195,38
DA:197,38
DA:198,38
DA:200,38
DA:202,38
DA:204,38
DA:209,2
FN:209,StakingCore._convertTo8Decimals
FNDA:2,StakingCore._convertTo8Decimals
DA:210,2
DA:211,2
BRDA:211,20,0,-
DA:212,2
DA:215,152
FN:215,StakingCore._convertTo18Decimals
FNDA:152,StakingCore._convertTo18Decimals
DA:216,152
DA:225,2
FN:225,StakingCore._encodeAction
FNDA:2,StakingCore._encodeAction
DA:226,2
DA:228,2
DA:229,2
DA:230,2
DA:231,2
DA:233,2
DA:234,128
DA:236,2
DA:239,2
FN:239,StakingCore._authorizeUpgrade
FNDA:2,StakingCore._authorizeUpgrade
DA:242,2
FNF:22
FNH:18
LF:111
LH:93
BRF:22
BRH:8
end_of_record
TN:
SF:src/WithdrawManager.sol
DA:54,45
FN:54,WithdrawManager.constructor
FNDA:45,WithdrawManager.constructor
DA:55,45
DA:58,44
FN:58,WithdrawManager.initialize
FNDA:44,WithdrawManager.initialize
DA:69,43
DA:70,43
DA:72,43
DA:73,43
DA:74,43
DA:75,43
DA:77,43
DA:78,43
DA:79,43
DA:81,43
DA:86,43
DA:96,35
FN:96,WithdrawManager.withdraw
FNDA:35,WithdrawManager.withdraw
DA:99,35
BRDA:99,0,0,2
DA:100,33
BRDA:100,1,0,-
DA:101,33
BRDA:101,2,0,-
DA:102,33
BRDA:102,3,0,-
DA:103,33
DA:105,8
BRDA:105,4,0,8
BRDA:105,4,1,25
DA:106,8
BRDA:106,5,0,1
DA:107,7
BRDA:107,6,0,2
DA:109,5
DA:111,5
DA:113,5
DA:114,5
DA:115,5
DA:116,5
DA:118,5
DA:120,5
DA:122,5
DA:124,25
DA:125,25
DA:127,25
DA:129,25
DA:136,25
DA:138,25
DA:145,9
FN:145,WithdrawManager.finalizeWithdrawals
FNDA:9,WithdrawManager.finalizeWithdrawals
DA:146,9
BRDA:146,7,0,-
DA:147,9
BRDA:147,8,0,1
DA:148,8
BRDA:148,9,0,1
DA:151,7
DA:152,7
DA:153,7
DA:154,22
DA:155,21
DA:156,21
DA:157,21
DA:159,21
DA:162,6
DA:163,6
DA:164,6
DA:166,6
DA:169,0
FN:169,WithdrawManager.setInstantWithdrawalFeeInBps
FNDA:0,WithdrawManager.setInstantWithdrawalFeeInBps
DA:170,0
BRDA:170,10,0,-
DA:171,0
BRDA:171,11,0,-
DA:173,0
DA:175,0
DA:178,0
FN:178,WithdrawManager.setInstantWithdrawalCapacity
FNDA:0,WithdrawManager.setInstantWithdrawalCapacity
DA:179,0
BRDA:179,12,0,-
DA:181,0
DA:182,0
DA:183,0
DA:186,0
FN:186,WithdrawManager.setInstantWithdrawalRefillRatePerSecond
FNDA:0,WithdrawManager.setInstantWithdrawalRefillRatePerSecond
DA:187,0
BRDA:187,13,0,-
DA:188,0
DA:189,0
DA:192,4
FN:192,WithdrawManager.pauseWithdrawals
FNDA:4,WithdrawManager.pauseWithdrawals
DA:193,4
BRDA:193,14,0,-
DA:194,4
DA:197,2
FN:197,WithdrawManager.unpauseWithdrawals
FNDA:2,WithdrawManager.unpauseWithdrawals
DA:198,2
BRDA:198,15,0,-
DA:199,2
DA:204,0
FN:204,WithdrawManager.getWithdrawalQueue
FNDA:0,WithdrawManager.getWithdrawalQueue
DA:205,0
DA:208,14
FN:208,WithdrawManager.getUserUnFinalizedWithdrawals
FNDA:14,WithdrawManager.getUserUnFinalizedWithdrawals
DA:209,14
DA:210,14
DA:211,14
DA:212,29
DA:213,29
BRDA:213,16,0,17
DA:214,17
DA:215,17
DA:217,29
DA:221,14
DA:224,14
DA:231,1
FN:231,WithdrawManager.getTotalInstantWithdrawableBeHYPE
FNDA:1,WithdrawManager.getTotalInstantWithdrawableBeHYPE
DA:232,8
DA:234,8
DA:235,8
DA:237,8
DA:240,0
FN:240,WithdrawManager.canInstantWithdraw
FNDA:0,WithdrawManager.canInstantWithdraw
DA:241,7
DA:247,2
FN:247,WithdrawManager.getLiquidHypeAmount
FNDA:2,WithdrawManager.getLiquidHypeAmount
DA:248,18
DA:251,3
FN:251,WithdrawManager.getPendingWithdrawalsCount
FNDA:3,WithdrawManager.getPendingWithdrawalsCount
DA:253,3
DA:256,0
FN:256,WithdrawManager.lowWatermarkInHYPE
FNDA:0,WithdrawManager.lowWatermarkInHYPE
DA:257,16
DA:262,5
FN:262,WithdrawManager._updateRateLimit
FNDA:5,WithdrawManager._updateRateLimit
DA:263,5
DA:264,5
BRDA:264,18,0,-
DA:267,8
FN:267,WithdrawManager._canRateLimiterConsume
FNDA:8,WithdrawManager._canRateLimiterConsume
DA:268,8
DA:271,56
FN:271,WithdrawManager._convertToBucketUnit
FNDA:56,WithdrawManager._convertToBucketUnit
DA:272,56
BRDA:272,19,0,-
BRDA:272,19,1,56
DA:273,56
DA:276,8
FN:276,WithdrawManager._convertFromBucketUnit
FNDA:8,WithdrawManager._convertFromBucketUnit
DA:277,8
DA:280,2
FN:280,WithdrawManager._authorizeUpgrade
FNDA:2,WithdrawManager._authorizeUpgrade
DA:283,2
FNF:21
FNH:15
LF:112
LH:94
BRF:21
BRH:9
end_of_record
TN:
SF:src/lib/BucketLimiter.sol
DA:60,43
FN:60,BucketLimiter.create
FNDA:43,BucketLimiter.create
DA:61,43
DA:69,8
FN:69,BucketLimiter.canConsume
FNDA:8,BucketLimiter.canConsume
DA:70,8
DA:71,8
DA:74,8
FN:74,BucketLimiter.consumable
FNDA:8,BucketLimiter.consumable
DA:75,8
DA:76,8
DA:87,5
FN:87,BucketLimiter.consume
FNDA:5,BucketLimiter.consume
DA:88,5
DA:89,5
DA:90,5
BRDA:90,0,0,-
DA:91,0
DA:93,5
DA:94,5
DA:95,5
DA:104,0
FN:104,BucketLimiter.refill
FNDA:0,BucketLimiter.refill
DA:105,0
DA:106,0
DA:107,0
DA:108,0
DA:111,21
FN:111,BucketLimiter._refill
FNDA:21,BucketLimiter._refill
DA:112,21
DA:114,21
BRDA:114,1,0,15
DA:115,15
DA:118,6
DA:120,6
DA:122,6
DA:123,6
DA:124,6
BRDA:124,2,0,6
BRDA:124,2,1,-
DA:125,6
DA:127,0
DA:129,6
DA:139,0
FN:139,BucketLimiter.setCapacity
FNDA:0,BucketLimiter.setCapacity
DA:140,0
DA:141,0
DA:142,0
BRDA:142,3,0,-
DA:143,0
DA:153,0
FN:153,BucketLimiter.setRefillRate
FNDA:0,BucketLimiter.setRefillRate
DA:154,0
DA:155,0
DA:165,0
FN:165,BucketLimiter.setRemaining
FNDA:0,BucketLimiter.setRemaining
DA:166,0
DA:167,0
FNF:9
FNH:5
LF:44
LH:26
BRF:5
BRH:2
end_of_record
TN:
SF:src/lib/CoreWriter.sol
DA:7,2
FN:7,CoreWriter.sendRawAction
FNDA:2,CoreWriter.sendRawAction
DA:9,2
DA:10,2
FNF:1
FNH:1
LF:3
LH:3
BRF:0
BRH:0
end_of_record
TN:
SF:src/lib/L1Read.sol
DA:114,0
FN:114,L1Read.position
FNDA:0,L1Read.position
DA:115,0
DA:116,0
DA:117,0
DA:118,0
BRDA:118,0,0,-
BRDA:118,0,1,-
DA:119,0
DA:122,41
FN:122,L1Read.spotBalance
FNDA:41,L1Read.spotBalance
DA:123,41
DA:124,41
DA:125,41
DA:126,41
BRDA:126,1,0,-
BRDA:126,1,1,41
DA:127,41
DA:130,0
FN:130,L1Read.userVaultEquity
FNDA:0,L1Read.userVaultEquity
DA:134,0
DA:135,0
DA:136,0
DA:137,0
BRDA:137,2,0,-
BRDA:137,2,1,-
DA:138,0
DA:141,0
FN:141,L1Read.withdrawable
FNDA:0,L1Read.withdrawable
DA:142,0
DA:143,0
DA:144,0
DA:145,0
BRDA:145,3,0,-
BRDA:145,3,1,-
DA:146,0
DA:149,0
FN:149,L1Read.delegations
FNDA:0,L1Read.delegations
DA:150,0
DA:151,0
DA:152,0
DA:153,0
BRDA:153,4,0,-
BRDA:153,4,1,-
DA:154,0
DA:157,38
FN:157,L1Read.delegatorSummary
FNDA:38,L1Read.delegatorSummary
DA:158,38
DA:159,38
DA:160,38
DA:161,38
BRDA:161,5,0,-
BRDA:161,5,1,38
DA:162,38
DA:165,0
FN:165,L1Read.markPx
FNDA:0,L1Read.markPx
DA:166,0
DA:167,0
DA:168,0
DA:169,0
BRDA:169,6,0,-
BRDA:169,6,1,-
DA:170,0
DA:173,0
FN:173,L1Read.oraclePx
FNDA:0,L1Read.oraclePx
DA:174,0
DA:175,0
DA:176,0
DA:177,0
BRDA:177,7,0,-
BRDA:177,7,1,-
DA:178,0
DA:181,0
FN:181,L1Read.spotPx
FNDA:0,L1Read.spotPx
DA:182,0
DA:183,0
DA:184,0
DA:185,0
BRDA:185,8,0,-
BRDA:185,8,1,-
DA:186,0
DA:189,0
FN:189,L1Read.l1BlockNumber
FNDA:0,L1Read.l1BlockNumber
DA:190,0
DA:191,0
DA:192,0
DA:193,0
BRDA:193,9,0,-
BRDA:193,9,1,-
DA:194,0
DA:197,0
FN:197,L1Read.perpAssetInfo
FNDA:0,L1Read.perpAssetInfo
DA:198,0
DA:199,0
DA:200,0
DA:201,0
BRDA:201,10,0,-
BRDA:201,10,1,-
DA:202,0
DA:205,0
FN:205,L1Read.spotInfo
FNDA:0,L1Read.spotInfo
DA:206,0
DA:207,0
DA:208,0
DA:209,0
BRDA:209,11,0,-
BRDA:209,11,1,-
DA:210,0
DA:213,0
FN:213,L1Read.tokenInfo
FNDA:0,L1Read.tokenInfo
DA:214,0
DA:215,0
DA:216,0
DA:217,0
BRDA:217,12,0,-
BRDA:217,12,1,-
DA:218,0
DA:221,0
FN:221,L1Read.tokenSupply
FNDA:0,L1Read.tokenSupply
DA:222,0
DA:223,0
DA:224,0
DA:225,0
BRDA:225,13,0,-
BRDA:225,13,1,-
DA:226,0
DA:229,0
FN:229,L1Read.bbo
FNDA:0,L1Read.bbo
DA:230,0
DA:231,0
DA:232,0
DA:233,0
BRDA:233,14,0,-
BRDA:233,14,1,-
DA:234,0
DA:237,0
FN:237,L1Read.accountMarginSummary
FNDA:0,L1Read.accountMarginSummary
DA:241,0
DA:242,0
DA:243,0
DA:246,0
BRDA:246,15,0,-
BRDA:246,15,1,-
DA:247,0
DA:250,0
FN:250,L1Read.coreUserExists
FNDA:0,L1Read.coreUserExists
DA:251,0
DA:252,0
DA:253,0
DA:254,0
BRDA:254,16,0,-
BRDA:254,16,1,-
DA:255,0
FNF:17
FNH:2
LF:102
LH:12
BRF:34
BRH:2
end_of_record
TN:
SF:test/Base.t.sol
DA:41,2
FN:41,BaseTest._getProxyImplementation
FNDA:2,BaseTest._getProxyImplementation
DA:42,2
DA:43,2
DA:46,43
FN:46,BaseTest.setUp
FNDA:43,BaseTest.setUp
DA:47,43
DA:48,43
DA:49,43
DA:50,43
DA:52,43
DA:53,43
DA:54,43
DA:55,43
DA:57,43
DA:58,43
DA:63,43
DA:64,43
DA:75,43
DA:76,43
DA:88,43
DA:89,43
DA:104,43
DA:105,43
DA:106,43
DA:107,43
DA:108,43
DA:109,43
DA:110,43
DA:111,43
DA:112,43
DA:114,43
DA:115,43
DA:118,7
FN:118,BaseTest._mintTokens
FNDA:7,BaseTest._mintTokens
DA:119,7
DA:120,7
DA:123,1
FN:123,BaseTest._burnTokens
FNDA:1,BaseTest._burnTokens
DA:124,1
DA:125,1
DA:128,0
FN:128,BaseTest._convertTo8Decimals
FNDA:0,BaseTest._convertTo8Decimals
DA:129,0
DA:130,0
BRDA:130,0,0,-
DA:131,0
DA:134,3
FN:134,BaseTest._convertTo18Decimals
FNDA:3,BaseTest._convertTo18Decimals
DA:135,3
DA:139,0
FN:139,BaseTest.mockDepositToHyperCore
FNDA:0,BaseTest.mockDepositToHyperCore
DA:140,3
DA:142,3
DA:143,3
DA:145,3
DA:147,3
FNF:7
FNH:5
LF:49
LH:44
BRF:1
BRH:0
end_of_record
TN:
SF:test/mock/DelegatorSummaryMock.sol
DA:16,9
FN:16,DelegatorSummaryMock.setDelegatorSummary
FNDA:9,DelegatorSummaryMock.setDelegatorSummary
DA:22,9
DA:23,9
DA:25,9
DA:33,38
FN:33,DelegatorSummaryMock.fallback
FNDA:38,DelegatorSummaryMock.fallback
DA:34,38
DA:36,38
DA:38,38
FNF:2
FNH:2
LF:8
LH:8
BRF:0
BRH:0
end_of_record
TN:
SF:test/mock/SpotBalanceMock.sol
DA:15,3
FN:15,SpotBalanceMock.setSpotHypeBalance
FNDA:3,SpotBalanceMock.setSpotHypeBalance
DA:16,3
DA:18,3
DA:25,41
FN:25,SpotBalanceMock.fallback
FNDA:41,SpotBalanceMock.fallback
DA:26,41
DA:28,41
DA:30,41
FNF:2
FNH:2
LF:7
LH:7
BRF:0
BRH:0
end_of_record
